<?xml version="1.0" encoding="UTF-8"?>
<!-- Generated by org.testng.reporters.JUnitXMLReporter -->
<testsuite hostname="owner-PC" name="Exercise2" tests="2" failures="1" timestamp="10 Dec 2019 05:48:03 GMT" time="50.128" errors="0">
  <testcase name="priceIncrementTest" time="2.483" classname="com.rubikloud.qa.test.AutopilotPageTest"/>
  <testcase name="co2SavedRankingTest" time="0.47" classname="com.rubikloud.qa.test.CarbonImpactPageTest">
    <failure type="java.lang.AssertionError" message="Canada is not #2 in terms of &amp;apos;CO2 saved by owners&amp;apos; expected [true] but found [false]">
      <![CDATA[java.lang.AssertionError: Canada is not #2 in terms of 'CO2 saved by owners' expected [true] but found [false]
	at com.rubikloud.qa.test.CarbonImpactPageTest.co2SavedRankingTest(CarbonImpactPageTest.java:29)
... Removed 29 stack frames]]>
    </failure>
  </testcase> <!-- co2SavedRankingTest -->
</testsuite> <!-- Exercise2 -->
