<?xml version="1.0" encoding="UTF-8"?>
<!-- Generated by org.testng.reporters.JUnitXMLReporter -->
<testsuite hostname="owner-PC" name="Solutions Test Results" tests="3" failures="0" timestamp="1 Feb 2020 23:09:15 GMT" time="99.466" errors="0">
  <testcase name="projectCreationTest" time="60.68" classname="com.ats.qa.test.ProjectPageTest"/>
  <testcase name="loginTest" time="3.96" classname="com.ats.qa.test.LoginPageTest"/>
  <testcase name="changeToNewProjectPageTest" time="3.971" classname="com.ats.qa.test.HomePageTest"/>
</testsuite> <!-- Solutions Test Results -->
