<?xml version="1.0" encoding="UTF-8"?>
<!-- Generated by org.testng.reporters.JUnitXMLReporter -->
<testsuite hostname="owner-PC" name="Solutions Test Results" tests="3" failures="0" timestamp="1 Feb 2020 22:44:17 GMT" time="59.655" errors="0">
  <testcase name="projectCreationTest" time="19.673" classname="com.ats.qa.test.ProjectPageTest"/>
  <testcase name="loginTest" time="3.567" classname="com.ats.qa.test.LoginPageTest"/>
  <testcase name="changeToNewProjectPageTest" time="4.317" classname="com.ats.qa.test.HomePageTest"/>
</testsuite> <!-- Solutions Test Results -->
