<?xml version="1.0" encoding="UTF-8"?>
<testng-results skipped="0" failed="0" total="1" passed="1">
  <reporter-output>
  </reporter-output>
  <suite name="Suite" duration-ms="26376" started-at="2020-02-01T06:54:29Z" finished-at="2020-02-01T06:54:56Z">
    <groups>
    </groups>
    <test name="Solutions Test Results" duration-ms="26376" started-at="2020-02-01T06:54:29Z" finished-at="2020-02-01T06:54:56Z">
      <class name="com.ats.qa.test.ProjectPageTest">
        <test-method status="PASS" signature="setUp()[pri:0, instance:com.ats.qa.test.ProjectPageTest@3d24753a]" name="setUp" is-config="true" duration-ms="9257" started-at="2020-02-01T01:54:29Z" finished-at="2020-02-01T01:54:39Z">
          <reporter-output>
          </reporter-output>
        </test-method> <!-- setUp -->
        <test-method status="PASS" signature="projectCreationTest()[pri:1, instance:com.ats.qa.test.ProjectPageTest@3d24753a]" name="projectCreationTest" duration-ms="16359" started-at="2020-02-01T01:54:39Z" finished-at="2020-02-01T01:54:55Z">
          <reporter-output>
          </reporter-output>
        </test-method> <!-- projectCreationTest -->
        <test-method status="PASS" signature="tearDown()[pri:0, instance:com.ats.qa.test.ProjectPageTest@3d24753a]" name="tearDown" is-config="true" duration-ms="750" started-at="2020-02-01T01:54:55Z" finished-at="2020-02-01T01:54:56Z">
          <reporter-output>
          </reporter-output>
        </test-method> <!-- tearDown -->
      </class> <!-- com.ats.qa.test.ProjectPageTest -->
    </test> <!-- Solutions Test Results -->
  </suite> <!-- Suite -->
</testng-results>
